# JRE version: OpenJDK Runtime Environment (9.0+12) (build 9.0.4+12-Raspbian-4)
# Java VM: OpenJDK Server VM (9.0.4+12-Raspbian-4, mixed mode, serial gc, linux-)
Heap:
 def new generation   total 5120K, used 2859K [0x65400000, 0x65980000, 0x6a140000)
  eden space 4608K,  61% used [0x65400000, 0x656c1480, 0x65880000)
  from space 512K,   7% used [0x65900000, 0x65909810, 0x65980000)
  to   space 512K,   0% used [0x65880000, 0x65880000, 0x65900000)
 tenured generation   total 11008K, used 5291K [0x6a140000, 0x6ac00000, 0x73c00000)
   the space 11008K,  48% used [0x6a140000, 0x6a66af00, 0x6a66b000, 0x6ac00000)
 Metaspace       used 9168K, capacity 9368K, committed 9880K, reserved 10544K
GC Heap History (10 events):
Event: 23159.707 GC heap before
{Heap before GC invocations=7905 (full 1):
 def new generation   total 5120K, used 4670K [0x65400000, 0x65980000, 0x6a140000)
  eden space 4608K, 100% used [0x65400000, 0x65880000, 0x65880000)
  from space 512K,  12% used [0x65880000, 0x6588f8d0, 0x65900000)
  to   space 512K,   0% used [0x65900000, 0x65900000, 0x65980000)
 tenured generation   total 11008K, used 5290K [0x6a140000, 0x6ac00000, 0x73c00000)
   the space 11008K,  48% used [0x6a140000, 0x6a66abb8, 0x6a66ac00, 0x6ac00000)
 Metaspace       used 9168K, capacity 9368K, committed 9880K, reserved 10544K
}
Event: 23159.725 GC heap after
{Heap after GC invocations=7906 (full 1):
 def new generation   total 5120K, used 20K [0x65400000, 0x65980000, 0x6a140000)
  eden space 4608K,   0% used [0x65400000, 0x65400000, 0x65880000)
  from space 512K,   4% used [0x65900000, 0x659053d8, 0x65980000)
  to   space 512K,   0% used [0x65880000, 0x65880000, 0x65900000)
 tenured generation   total 11008K, used 5291K [0x6a140000, 0x6ac00000, 0x73c00000)
   the space 11008K,  48% used [0x6a140000, 0x6a66acb8, 0x6a66ae00, 0x6ac00000)
 Metaspace       used 9168K, capacity 9368K, committed 9880K, reserved 10544K
}
Event: 23162.992 GC heap before
{Heap before GC invocations=7906 (full 1):
 def new generation   total 5120K, used 4628K [0x65400000, 0x65980000, 0x6a140000)
  eden space 4608K, 100% used [0x65400000, 0x65880000, 0x65880000)
  from space 512K,   4% used [0x65900000, 0x659053d8, 0x65980000)
  to   space 512K,   0% used [0x65880000, 0x65880000, 0x65900000)
 tenured generation   total 11008K, used 5291K [0x6a140000, 0x6ac00000, 0x73c00000)
   the space 11008K,  48% used [0x6a140000, 0x6a66acb8, 0x6a66ae00, 0x6ac00000)
 Metaspace       used 9168K, capacity 9368K, committed 9880K, reserved 10544K
}
Event: 23163.008 GC heap after
{Heap after GC invocations=7907 (full 1):
 def new generation   total 5120K, used 4K [0x65400000, 0x65980000, 0x6a140000)
  eden space 4608K,   0% used [0x65400000, 0x65400000, 0x65880000)
  from space 512K,   0% used [0x65880000, 0x658810c8, 0x65900000)
  to   space 512K,   0% used [0x65900000, 0x65900000, 0x65980000)
 tenured generation   total 11008K, used 5291K [0x6a140000, 0x6ac00000, 0x73c00000)
   the space 11008K,  48% used [0x6a140000, 0x6a66ad78, 0x6a66ae00, 0x6ac00000)
 Metaspace       used 9168K, capacity 9368K, committed 9880K, reserved 10544K
}
Event: 23166.222 GC heap before
{Heap before GC invocations=7907 (full 1):
 def new generation   total 5120K, used 4612K [0x65400000, 0x65980000, 0x6a140000)
  eden space 4608K, 100% used [0x65400000, 0x65880000, 0x65880000)
  from space 512K,   0% used [0x65880000, 0x658810c8, 0x65900000)
  to   space 512K,   0% used [0x65900000, 0x65900000, 0x65980000)
 tenured generation   total 11008K, used 5291K [0x6a140000, 0x6ac00000, 0x73c00000)
   the space 11008K,  48% used [0x6a140000, 0x6a66ad78, 0x6a66ae00, 0x6ac00000)
 Metaspace       used 9168K, capacity 9368K, committed 9880K, reserved 10544K
}
Event: 23166.246 GC heap after
{Heap after GC invocations=7908 (full 1):
 def new generation   total 5120K, used 4K [0x65400000, 0x65980000, 0x6a140000)
  eden space 4608K,   0% used [0x65400000, 0x65400000, 0x65880000)
  from space 512K,   0% used [0x65900000, 0x659010c0, 0x65980000)
  to   space 512K,   0% used [0x65880000, 0x65880000, 0x65900000)
 tenured generation   total 11008K, used 5291K [0x6a140000, 0x6ac00000, 0x73c00000)
   the space 11008K,  48% used [0x6a140000, 0x6a66ad78, 0x6a66ae00, 0x6ac00000)
 Metaspace       used 9168K, capacity 9368K, committed 9880K, reserved 10544K
}
Event: 23169.406 GC heap before
{Heap before GC invocations=7908 (full 1):
 def new generation   total 5120K, used 4602K [0x65400000, 0x65980000, 0x6a140000)
  eden space 4608K,  99% used [0x65400000, 0x6587d740, 0x65880000)
  from space 512K,   0% used [0x65900000, 0x659010c0, 0x65980000)
  to   space 512K,   0% used [0x65880000, 0x65880000, 0x65900000)
 tenured generation   total 11008K, used 5291K [0x6a140000, 0x6ac00000, 0x73c00000)
   the space 11008K,  48% used [0x6a140000, 0x6a66ad78, 0x6a66ae00, 0x6ac00000)
 Metaspace       used 9168K, capacity 9368K, committed 9880K, reserved 10544K
}
Event: 23169.425 GC heap after
{Heap after GC invocations=7909 (full 1):
 def new generation   total 5120K, used 35K [0x65400000, 0x65980000, 0x6a140000)
  eden space 4608K,   0% used [0x65400000, 0x65400000, 0x65880000)
  from space 512K,   6% used [0x65880000, 0x65888dc8, 0x65900000)
  to   space 512K,   0% used [0x65900000, 0x65900000, 0x65980000)
 tenured generation   total 11008K, used 5291K [0x6a140000, 0x6ac00000, 0x73c00000)
   the space 11008K,  48% used [0x6a140000, 0x6a66ae68, 0x6a66b000, 0x6ac00000)
 Metaspace       used 9168K, capacity 9368K, committed 9880K, reserved 10544K
}
Event: 23172.654 GC heap before
{Heap before GC invocations=7909 (full 1):
 def new generation   total 5120K, used 4643K [0x65400000, 0x65980000, 0x6a140000)
  eden space 4608K, 100% used [0x65400000, 0x65880000, 0x65880000)
  from space 512K,   6% used [0x65880000, 0x65888dc8, 0x65900000)
  to   space 512K,   0% used [0x65900000, 0x65900000, 0x65980000)
 tenured generation   total 11008K, used 5291K [0x6a140000, 0x6ac00000, 0x73c00000)
   the space 11008K,  48% used [0x6a140000, 0x6a66ae68, 0x6a66b000, 0x6ac00000)
 Metaspace       used 9168K, capacity 9368K, committed 9880K, reserved 10544K
}
Event: 23172.683 GC heap after
{Heap after GC invocations=7910 (full 1):
 def new generation   total 5120K, used 38K [0x65400000, 0x65980000, 0x6a140000)
  eden space 4608K,   0% used [0x65400000, 0x65400000, 0x65880000)
  from space 512K,   7% used [0x65900000, 0x65909810, 0x65980000)
  to   space 512K,   0% used [0x65880000, 0x65880000, 0x65900000)
 tenured generation   total 11008K, used 5291K [0x6a140000, 0x6ac00000, 0x73c00000)
   the space 11008K,  48% used [0x6a140000, 0x6a66af00, 0x6a66b000, 0x6ac00000)
 Metaspace       used 9168K, capacity 9368K, committed 9880K, reserved 10544K
}

